Starting a Gradle Daemon, 2 incompatible and 4 stopped Daemons could not be reused, use --status for details
> Task :gradle:checkKotlinGradlePluginConfigurationErrors SKIPPED
> Task :gradle:compileKotlin UP-TO-DATE
> Task :gradle:compileJava NO-SOURCE
> Task :gradle:compileGroovy NO-SOURCE
> Task :gradle:pluginDescriptors UP-TO-DATE
> Task :gradle:processResources
> Task :gradle:classes
> Task :gradle:jar

[Incubating] Problems report is available at: file:///C:/Users/RISK/Desktop/Proyectos/%202026/FLUTTER/CONTROL_PC/remote_pc/android/build/reports/problems/problems-report.html

FAILURE: Build failed with an exception.

* Where:
Build file 'C:\Users\RISK\Desktop\Proyectos\ 2026\FLUTTER\CONTROL_PC\remote_pc\android\build.gradle.kts' line: 32

* What went wrong:
Cannot run Project.afterEvaluate(Action) when the project is already evaluated.

* Try:
> Run with --stacktrace option to get the stack trace.
> Run with --info or --debug option to get more log output.
> Run with --scan to get full insights.
> Get more help at https://help.gradle.org.

Deprecated Gradle features were used in this build, making it incompatible with Gradle 9.0.

You can use '--warning-mode all' to show the individual deprecation warnings and determine if they come from your own scripts or plugins.

For more on this, please refer to https://docs.gradle.org/8.12/userguide/command_line_interface.html#sec:command_line_warnings in the Gradle documentation.

BUILD FAILED in 10s
4 actionable tasks: 2 executed, 2 up-to-date
